[Header]%n20181006-17:20:18 [23] DEBUG YoYoStudio.DataService.Library.DataService [(null)] <(null)> - Login OK : AppId - 2 , UserId - 20 , Token - MjA2MS4xNDcuMTE5LjI1MjE4NjhmMTdjMmMxNWI1ZWFmZGMzY2NlMmY1YWM5N2Q1MWQyZDVlMzEtN2UxNi00NWU5LWJkYjctOTAxNmI1YWUwM2Uz
20181006-17:20:18 [23] DEBUG YoYoStudio.DataService.Library.DataService [(null)] <(null)> - Exit Login : AppId - 2 , UserId - 20
20181006-17:20:58 [23] DEBUG YoYoStudio.DataService.Library.DataService [(null)] <(null)> - Login OK : AppId - 2 , UserId - 1 , Token - MTYxLjE0Ny4xMTkuMjUyOTI1ODIyNzI2Njg0LTViMzMtNGI5ZS04OWU2LTBiODFmNDE0YmQ3Zg==
20181006-17:20:58 [23] DEBUG YoYoStudio.DataService.Library.DataService [(null)] <(null)> - Exit Login : AppId - 2 , UserId - 1
20181006-17:21:20 [34] DEBUG YoYoStudio.DataService.Library.DataService [(null)] <(null)> - Login OK : AppId - 2 , UserId - 20 , Token - MjA2MS4xNDcuMTE5LjI1MjE4NjhmMTdjMmMxNWI1ZWFmZGMzY2NlMmY1YWM5N2Q1MWQyZDVlMzEtN2UxNi00NWU5LWJkYjctOTAxNmI1YWUwM2Uz
20181006-17:21:20 [34] DEBUG YoYoStudio.DataService.Library.DataService [(null)] <(null)> - Exit Login : AppId - 2 , UserId - 20
20181006-17:22:20 [23] DEBUG YoYoStudio.DataService.Library.DataService [(null)] <(null)> - Login OK : AppId - 2 , UserId - 20 , Token - MjA2MS4xNDcuMTE5LjI1MjE4NjhmMTdjMmMxNWI1ZWFmZGMzY2NlMmY1YWM5N2Q1MWQyZDVlMzEtN2UxNi00NWU5LWJkYjctOTAxNmI1YWUwM2Uz
20181006-17:22:20 [23] DEBUG YoYoStudio.DataService.Library.DataService [(null)] <(null)> - Exit Login : AppId - 2 , UserId - 20
20181006-17:23:20 [23] DEBUG YoYoStudio.DataService.Library.DataService [(null)] <(null)> - Login OK : AppId - 2 , UserId - 20 , Token - MjA2MS4xNDcuMTE5LjI1MjE4NjhmMTdjMmMxNWI1ZWFmZGMzY2NlMmY1YWM5N2Q1MWQyZDVlMzEtN2UxNi00NWU5LWJkYjctOTAxNmI1YWUwM2Uz
20181006-17:23:20 [23] DEBUG YoYoStudio.DataService.Library.DataService [(null)] <(null)> - Exit Login : AppId - 2 , UserId - 20
20181006-17:24:20 [23] DEBUG YoYoStudio.DataService.Library.DataService [(null)] <(null)> - Login OK : AppId - 2 , UserId - 20 , Token - MjA2MS4xNDcuMTE5LjI1MjE4NjhmMTdjMmMxNWI1ZWFmZGMzY2NlMmY1YWM5N2Q1MWQyZDVlMzEtN2UxNi00NWU5LWJkYjctOTAxNmI1YWUwM2Uz
20181006-17:24:20 [23] DEBUG YoYoStudio.DataService.Library.DataService [(null)] <(null)> - Exit Login : AppId - 2 , UserId - 20
20181006-17:25:20 [1] DEBUG YoYoStudio.DataService.Library.DataService [(null)] <(null)> - Login OK : AppId - 2 , UserId - 20 , Token - MjA2MS4xNDcuMTE5LjI1MjE4NjhmMTdjMmMxNWI1ZWFmZGMzY2NlMmY1YWM5N2Q1MWQyZDVlMzEtN2UxNi00NWU5LWJkYjctOTAxNmI1YWUwM2Uz
20181006-17:25:20 [1] DEBUG YoYoStudio.DataService.Library.DataService [(null)] <(null)> - Exit Login : AppId - 2 , UserId - 20
20181006-17:26:20 [34] DEBUG YoYoStudio.DataService.Library.DataService [(null)] <(null)> - Login OK : AppId - 2 , UserId - 20 , Token - MjA2MS4xNDcuMTE5LjI1MjE4NjhmMTdjMmMxNWI1ZWFmZGMzY2NlMmY1YWM5N2Q1MWQyZDVlMzEtN2UxNi00NWU5LWJkYjctOTAxNmI1YWUwM2Uz
20181006-17:26:20 [34] DEBUG YoYoStudio.DataService.Library.DataService [(null)] <(null)> - Exit Login : AppId - 2 , UserId - 20
20181006-17:27:20 [58] DEBUG YoYoStudio.DataService.Library.DataService [(null)] <(null)> - Login OK : AppId - 2 , UserId - 20 , Token - MjA2MS4xNDcuMTE5LjI1MjE4NjhmMTdjMmMxNWI1ZWFmZGMzY2NlMmY1YWM5N2Q1MWQyZDVlMzEtN2UxNi00NWU5LWJkYjctOTAxNmI1YWUwM2Uz
20181006-17:27:20 [58] DEBUG YoYoStudio.DataService.Library.DataService [(null)] <(null)> - Exit Login : AppId - 2 , UserId - 20
20181006-17:30:24 [37] DEBUG YoYoStudio.DataService.Library.DataService [(null)] <(null)> - Login OK : AppId - 2 , UserId - 20 , Token - MjA2MS4xNDcuMTE5LjI1MjE4NjhmMTdjMmMxNWI1ZWFmZGMzY2NlMmY1YWM5N2Q1MWQyZDVlMzEtN2UxNi00NWU5LWJkYjctOTAxNmI1YWUwM2Uz
20181006-17:30:24 [37] DEBUG YoYoStudio.DataService.Library.DataService [(null)] <(null)> - Exit Login : AppId - 2 , UserId - 20
[Footer]%n